0 info it worked if it ends with ok
1 verbose cli [ 'C:\\Program Files\\nodejs\\node.exe',
1 verbose cli   'C:\\Program Files\\nodejs\\node_modules\\npm\\bin\\npm-cli.js',
1 verbose cli   'run',
1 verbose cli   'start' ]
2 info using npm@3.10.10
3 info using node@v6.10.3
4 verbose run-script [ 'prestart', 'start', 'poststart' ]
5 info lifecycle client_app@1.0.0-SNAPSHOT~prestart: client_app@1.0.0-SNAPSHOT
6 silly lifecycle client_app@1.0.0-SNAPSHOT~prestart: no script for prestart, continuing
7 info lifecycle client_app@1.0.0-SNAPSHOT~start: client_app@1.0.0-SNAPSHOT
8 verbose lifecycle client_app@1.0.0-SNAPSHOT~start: unsafe-perm in lifecycle true
9 verbose lifecycle client_app@1.0.0-SNAPSHOT~start: PATH: C:\Program Files\nodejs\node_modules\npm\bin\node-gyp-bin;C:\Users\jjohn\Documents\GitHub\dataExploration\client_app\node_modules\.bin;C:\Program Files\nodejs\node_modules\npm\bin\node-gyp-bin;C:\Users\jjohn\documents\GitHub\dataExploration\node_modules\.bin;C:\Program Files\Docker\Docker\Resources\bin;C:\ProgramData\Oracle\Java\javapath;C:\Program Files (x86)\Razer Chroma SDK\bin;C:\Program Files\Razer Chroma SDK\bin;C:\Windows\system32;C:\Windows;C:\Windows\System32\Wbem;C:\Windows\System32\WindowsPowerShell\v1.0\;C:\Program Files (x86)\NVIDIA Corporation\PhysX\Common;C:\Users\Administrator\AppData\Local\Microsoft\WindowsApps;C:\WINDOWS\system32;C:\WINDOWS;C:\WINDOWS\System32\Wbem;C:\WINDOWS\System32\WindowsPowerShell\v1.0\;C:\WINDOWS\system32\config\systemprofile\.dnx\bin;C:\Program Files\Microsoft DNX\Dnvm\;C:\Program Files\Microsoft SQL Server\130\Tools\Binn\;C:\Program Files\Common Files\Autodesk Shared\;C:\Program Files (x86)\Autodesk\Backburner\;C:\Program Files (x86)\GtkSharp\2.12\bin;C:\Program Files\nodejs\;C:\Program Files\Git\cmd;C:\Users\jjohn\Anaconda3;C:\Users\jjohn\Anaconda3\Scripts;C:\Users\jjohn\Anaconda3\Library\bin;C:\Users\jjohn\AppData\Local\Microsoft\WindowsApps;C:\Users\jjohn\AppData\Local\atom\bin;C:\Users\jjohn\AppData\Roaming\npm
10 verbose lifecycle client_app@1.0.0-SNAPSHOT~start: CWD: C:\Users\jjohn\Documents\GitHub\dataExploration\client_app
11 silly lifecycle client_app@1.0.0-SNAPSHOT~start: Args: [ '/d /s /c', 'webpack-dev-server --inline' ]
12 silly lifecycle client_app@1.0.0-SNAPSHOT~start: Returned: code: 3221225786  signal: null
13 info lifecycle client_app@1.0.0-SNAPSHOT~start: Failed to exec start script
14 verbose stack Error: client_app@1.0.0-SNAPSHOT start: `webpack-dev-server --inline`
14 verbose stack Exit status 3221225786
14 verbose stack     at EventEmitter.<anonymous> (C:\Program Files\nodejs\node_modules\npm\lib\utils\lifecycle.js:255:16)
14 verbose stack     at emitTwo (events.js:106:13)
14 verbose stack     at EventEmitter.emit (events.js:191:7)
14 verbose stack     at ChildProcess.<anonymous> (C:\Program Files\nodejs\node_modules\npm\lib\utils\spawn.js:40:14)
14 verbose stack     at emitTwo (events.js:106:13)
14 verbose stack     at ChildProcess.emit (events.js:191:7)
14 verbose stack     at maybeClose (internal/child_process.js:886:16)
14 verbose stack     at Process.ChildProcess._handle.onexit (internal/child_process.js:226:5)
15 verbose pkgid client_app@1.0.0-SNAPSHOT
16 verbose cwd C:\Users\jjohn\Documents\GitHub\dataExploration\client_app
17 error Windows_NT 10.0.14393
18 error argv "C:\\Program Files\\nodejs\\node.exe" "C:\\Program Files\\nodejs\\node_modules\\npm\\bin\\npm-cli.js" "run" "start"
19 error node v6.10.3
20 error npm  v3.10.10
21 error code ELIFECYCLE
22 error client_app@1.0.0-SNAPSHOT start: `webpack-dev-server --inline`
22 error Exit status 3221225786
23 error Failed at the client_app@1.0.0-SNAPSHOT start script 'webpack-dev-server --inline'.
23 error Make sure you have the latest version of node.js and npm installed.
23 error If you do, this is most likely a problem with the client_app package,
23 error not with npm itself.
23 error Tell the author that this fails on your system:
23 error     webpack-dev-server --inline
23 error You can get information on how to open an issue for this project with:
23 error     npm bugs client_app
23 error Or if that isn't available, you can get their info via:
23 error     npm owner ls client_app
23 error There is likely additional logging output above.
24 verbose exit [ 1, true ]
